* using log directory ‘/Users/nilson/Library/CloudStorage/GoogleDrive-nchapagain@tamu.edu/My Drive/TAMU SEM MATERIALS/1. TAMU SEM 1/STAT 600/600 coding/600 coding/VsusP/VsusP.Rcheck’
* using R version 4.4.0 (2024-04-24)
* using platform: x86_64-apple-darwin20
* R was compiled by
    Apple clang version 14.0.0 (clang-1400.0.29.202)
    GNU Fortran (GCC) 12.2.0
* running under: macOS Ventura 13.6.7
* using session charset: UTF-8
* using option ‘--as-cran’
* checking for file ‘VsusP/DESCRIPTION’ ... OK
* this is package ‘VsusP’ version ‘1.0.0’
* package encoding: UTF-8
* checking CRAN incoming feasibility ... [6s/46s] NOTE
Maintainer: ‘Nilson Chapagain <nilson.chapagain@gmail.com>’

New submission
* checking package namespace information ... OK
* checking package dependencies ... OK
* checking if this is a source package ... OK
* checking if there is a namespace ... OK
* checking for executable files ... OK
* checking for hidden files and directories ... OK
* checking for portable file names ... OK
* checking for sufficient/correct file permissions ... OK
* checking serialization versions ... OK
* checking whether package ‘VsusP’ can be installed ... OK
* checking installed package size ... OK
* checking package directory ... OK
* checking for future file timestamps ... OK
* checking ‘build’ directory ... OK
* checking DESCRIPTION meta-information ... OK
* checking top-level files ... OK
* checking for left-over files ... OK
* checking index information ... OK
* checking package subdirectories ... OK
* checking code files for non-ASCII characters ... OK
* checking R files for syntax errors ... OK
* checking whether the package can be loaded ... OK
* checking whether the package can be loaded with stated dependencies ... OK
* checking whether the package can be unloaded cleanly ... OK
* checking whether the namespace can be loaded with stated dependencies ... OK
* checking whether the namespace can be unloaded cleanly ... OK
* checking use of S3 registration ... OK
* checking dependencies in R code ... OK
* checking S3 generic/method consistency ... OK
* checking replacement functions ... OK
* checking foreign function calls ... OK
* checking R code for possible problems ... OK
* checking Rd files ... OK
* checking Rd metadata ... OK
* checking Rd line widths ... OK
* checking Rd cross-references ... OK
* checking for missing documentation entries ... OK
* checking for code/documentation mismatches ... OK
* checking Rd \usage sections ... OK
* checking Rd contents ... OK
* checking for unstated dependencies in examples ... OK
* checking sizes of PDF files under ‘inst/doc’ ... OK
* checking installed files from ‘inst/doc’ ... OK
* checking files in ‘vignettes’ ... OK
* checking examples ... [12s/13s] NOTE
Examples with CPU (user + system) or elapsed time > 5s
                      user system elapsed
Sequential2Means     5.659  0.041   5.745
Sequential2MeansBeta 5.098  0.040   5.188
* checking for unstated dependencies in ‘tests’ ... OK
* checking tests ... [33s/33s] OK
  Running ‘testthat.R’ [32s/33s]
* checking for unstated dependencies in vignettes ... OK
* checking package vignettes ... OK
* checking re-building of vignette outputs ... [343s/348s] OK
* checking PDF version of manual ... OK
* checking HTML version of manual ... OK
* checking for non-standard things in the check directory ... OK
* checking for detritus in the temp directory ... OK
* DONE
Status: 2 NOTEs
