Hmm ... looks like a package
Converting parsed Rd's to LaTeX 
Creating pdf output from LaTeX ...

This is pdfTeX, Version 3.141592653-2.6-1.40.24 (TeX Live 2022) (preloaded format=pdflatex)
 restricted \write18 enabled.
entering extended mode
LaTeX2e <2021-11-15> patch level 1
L3 programming layer <2022-02-24> (./Rd2.tex
(/usr/local/texlive/2022/texmf-dist/tex/latex/base/book.cls
Document Class: book 2021/10/04 v1.4n Standard LaTeX document class
(/usr/local/texlive/2022/texmf-dist/tex/latex/base/bk10.clo))
(/Library/Frameworks/R.framework/Resources/share/texmf/tex/latex/Rd.sty
(/usr/local/texlive/2022/texmf-dist/tex/latex/base/ifthen.sty)
(/usr/local/texlive/2022/texmf-dist/tex/generic/iftex/iftex.sty)
(/usr/local/texlive/2022/texmf-dist/tex/latex/tools/longtable.sty)
(/usr/local/texlive/2022/texmf-dist/tex/latex/tools/bm.sty)
(/usr/local/texlive/2022/texmf-dist/tex/latex/base/alltt.sty)
(/usr/local/texlive/2022/texmf-dist/tex/latex/tools/verbatim.sty)
(/usr/local/texlive/2022/texmf-dist/tex/latex/url/url.sty)
(/usr/local/texlive/2022/texmf-dist/tex/latex/base/textcomp.sty)
(/usr/local/texlive/2022/texmf-dist/tex/latex/amsmath/amsmath.sty
For additional information on amsmath, use the `?' option.
(/usr/local/texlive/2022/texmf-dist/tex/latex/amsmath/amstext.sty
(/usr/local/texlive/2022/texmf-dist/tex/latex/amsmath/amsgen.sty))
(/usr/local/texlive/2022/texmf-dist/tex/latex/amsmath/amsbsy.sty)
(/usr/local/texlive/2022/texmf-dist/tex/latex/amsmath/amsopn.sty))
(/usr/local/texlive/2022/texmf-dist/tex/latex/amsfonts/amsfonts.sty)
(/usr/local/texlive/2022/texmf-dist/tex/latex/amsfonts/amssymb.sty)
(/usr/local/texlive/2022/texmf-dist/tex/latex/jknapltx/mathrsfs.sty)
(/usr/local/texlive/2022/texmf-dist/tex/latex/base/fontenc.sty)
(/usr/local/texlive/2022/texmf-dist/tex/latex/psnfss/times.sty)
(/usr/local/texlive/2022/texmf-dist/tex/latex/inconsolata/zi4.sty
`inconsolata-zi4' v1.12, 2019/05/17 Text macros for Inconsolata (msharpe)
(/usr/local/texlive/2022/texmf-dist/tex/latex/xkeyval/xkeyval.sty
(/usr/local/texlive/2022/texmf-dist/tex/generic/xkeyval/xkeyval.tex
(/usr/local/texlive/2022/texmf-dist/tex/generic/xkeyval/xkvutils.tex
(/usr/local/texlive/2022/texmf-dist/tex/generic/xkeyval/keyval.tex)))))
(/usr/local/texlive/2022/texmf-dist/tex/latex/graphics/color.sty
(/usr/local/texlive/2022/texmf-dist/tex/latex/graphics-cfg/color.cfg)
(/usr/local/texlive/2022/texmf-dist/tex/latex/graphics-def/pdftex.def))
(/usr/local/texlive/2022/texmf-dist/tex/latex/hyperref/hyperref.sty
(/usr/local/texlive/2022/texmf-dist/tex/generic/ltxcmds/ltxcmds.sty)
(/usr/local/texlive/2022/texmf-dist/tex/generic/pdftexcmds/pdftexcmds.sty
(/usr/local/texlive/2022/texmf-dist/tex/generic/infwarerr/infwarerr.sty))
(/usr/local/texlive/2022/texmf-dist/tex/generic/kvsetkeys/kvsetkeys.sty)
(/usr/local/texlive/2022/texmf-dist/tex/generic/kvdefinekeys/kvdefinekeys.sty)
(/usr/local/texlive/2022/texmf-dist/tex/generic/pdfescape/pdfescape.sty)
(/usr/local/texlive/2022/texmf-dist/tex/latex/hycolor/hycolor.sty)
(/usr/local/texlive/2022/texmf-dist/tex/latex/letltxmacro/letltxmacro.sty)
(/usr/local/texlive/2022/texmf-dist/tex/latex/auxhook/auxhook.sty)
(/usr/local/texlive/2022/texmf-dist/tex/latex/kvoptions/kvoptions.sty)
(/usr/local/texlive/2022/texmf-dist/tex/latex/hyperref/pd1enc.def)
(/usr/local/texlive/2022/texmf-dist/tex/generic/intcalc/intcalc.sty)
(/usr/local/texlive/2022/texmf-dist/tex/generic/etexcmds/etexcmds.sty)
(/usr/local/texlive/2022/texmf-dist/tex/latex/hyperref/puenc.def)
(/usr/local/texlive/2022/texmf-dist/tex/generic/bitset/bitset.sty
(/usr/local/texlive/2022/texmf-dist/tex/generic/bigintcalc/bigintcalc.sty))
(/usr/local/texlive/2022/texmf-dist/tex/latex/base/atbegshi-ltx.sty))
(/usr/local/texlive/2022/texmf-dist/tex/latex/hyperref/hpdftex.def
(/usr/local/texlive/2022/texmf-dist/tex/latex/base/atveryend-ltx.sty)
(/usr/local/texlive/2022/texmf-dist/tex/latex/rerunfilecheck/rerunfilecheck.sty

(/usr/local/texlive/2022/texmf-dist/tex/generic/uniquecounter/uniquecounter.sty
)))) (/usr/local/texlive/2022/texmf-dist/tex/latex/base/makeidx.sty)
Writing index file Rd2.idx
(/usr/local/texlive/2022/texmf-dist/tex/latex/psnfss/t1ptm.fd)
(/usr/local/texlive/2022/texmf-dist/tex/latex/l3backend/l3backend-pdftex.def)
No file Rd2.aux.
(/usr/local/texlive/2022/texmf-dist/tex/context/base/mkii/supp-pdf.mkii
[Loading MPS to PDF converter (version 2006.09.02).]
) (/usr/local/texlive/2022/texmf-dist/tex/latex/hyperref/nameref.sty
(/usr/local/texlive/2022/texmf-dist/tex/latex/refcount/refcount.sty)
(/usr/local/texlive/2022/texmf-dist/tex/generic/gettitlestring/gettitlestring.s
ty)) (/usr/local/texlive/2022/texmf-dist/tex/latex/inconsolata/t1zi4.fd)
(/usr/local/texlive/2022/texmf-dist/tex/latex/amsfonts/umsa.fd)
(/usr/local/texlive/2022/texmf-dist/tex/latex/amsfonts/umsb.fd)
(/usr/local/texlive/2022/texmf-dist/tex/latex/jknapltx/ursfs.fd) [1{/usr/local/
texlive/2022/texmf-var/fonts/map/pdftex/updmap/pdftex.map}]
Overfull \hbox (5.70699pt too wide) in paragraph at lines 85--88
[]\T1/ptm/m/n/10 Makalic, E. & Schmidt, D. F. High-Dimensional Bayesian Reg-u-l
arised Re-gres-sion with the BayesReg
[2]
Overfull \hbox (5.70699pt too wide) in paragraph at lines 142--145
[]\T1/ptm/m/n/10 Makalic, E. & Schmidt, D. F. High-Dimensional Bayesian Reg-u-l
arised Re-gres-sion with the BayesReg
[3] [4]
Overfull \hbox (13.03746pt too wide) in paragraph at lines 221--222
\T1/ptm/m/n/10 gres-sion: prior="hs" or prior="horseshoe", and horse-shoe+ re-g
res-sion : prior="hs+"

Overfull \hbox (5.70699pt too wide) in paragraph at lines 240--243
[]\T1/ptm/m/n/10 Makalic, E. & Schmidt, D. F. High-Dimensional Bayesian Reg-u-l
arised Re-gres-sion with the BayesReg
[5]
Overfull \hbox (5.70699pt too wide) in paragraph at lines 318--321
[]\T1/ptm/m/n/10 Makalic, E. & Schmidt, D. F. High-Dimensional Bayesian Reg-u-l
arised Re-gres-sion with the BayesReg
[6] (/usr/local/texlive/2022/texmf-dist/tex/latex/inconsolata/ts1zi4.fd)
No file Rd2.ind.
[7]
(/private/var/folders/76/r06mvw257lbbll_cytzz3_3h0000gn/T/Rtmp49L9cS/Rd2pdf16ee
77557f575/Rd2.aux)

Package rerunfilecheck Warning: File `Rd2.out' has changed.
(rerunfilecheck)                Rerun to get outlines right
(rerunfilecheck)                or use package `bookmark'.

 )
(see the transcript file for additional information){/usr/local/texlive/2022/te
xmf-dist/fonts/enc/dvips/inconsolata/i4-ts1.enc}{/usr/local/texlive/2022/texmf-
dist/fonts/enc/dvips/base/8r.enc}{/usr/local/texlive/2022/texmf-dist/fonts/enc/
dvips/inconsolata/i4-t1-0.enc}</usr/local/texlive/2022/texmf-dist/fonts/type1/p
ublic/inconsolata/Inconsolata-zi4r.pfb></usr/local/texlive/2022/texmf-dist/font
s/type1/urw/times/utmb8a.pfb></usr/local/texlive/2022/texmf-dist/fonts/type1/ur
w/times/utmr8a.pfb></usr/local/texlive/2022/texmf-dist/fonts/type1/urw/times/ut
mr8a.pfb></usr/local/texlive/2022/texmf-dist/fonts/type1/urw/times/utmri8a.pfb>

Output written on Rd2.pdf (7 pages, 90546 bytes).
Transcript written on Rd2.log.
This is makeindex, version 2.16 [TeX Live 2022] (kpathsea + Thai support).
Scanning input file Rd2.idx....done (6 entries accepted, 0 rejected).
Sorting entries....done (15 comparisons).
Generating output file Rd2.ind....done (16 lines written, 0 warnings).
Output written in Rd2.ind.
Transcript written in Rd2.ilg.
This is pdfTeX, Version 3.141592653-2.6-1.40.24 (TeX Live 2022) (preloaded format=pdflatex)
 restricted \write18 enabled.
entering extended mode
LaTeX2e <2021-11-15> patch level 1
L3 programming layer <2022-02-24> (./Rd2.tex
(/usr/local/texlive/2022/texmf-dist/tex/latex/base/book.cls
Document Class: book 2021/10/04 v1.4n Standard LaTeX document class
(/usr/local/texlive/2022/texmf-dist/tex/latex/base/bk10.clo))
(/Library/Frameworks/R.framework/Resources/share/texmf/tex/latex/Rd.sty
(/usr/local/texlive/2022/texmf-dist/tex/latex/base/ifthen.sty)
(/usr/local/texlive/2022/texmf-dist/tex/generic/iftex/iftex.sty)
(/usr/local/texlive/2022/texmf-dist/tex/latex/tools/longtable.sty)
(/usr/local/texlive/2022/texmf-dist/tex/latex/tools/bm.sty)
(/usr/local/texlive/2022/texmf-dist/tex/latex/base/alltt.sty)
(/usr/local/texlive/2022/texmf-dist/tex/latex/tools/verbatim.sty)
(/usr/local/texlive/2022/texmf-dist/tex/latex/url/url.sty)
(/usr/local/texlive/2022/texmf-dist/tex/latex/base/textcomp.sty)
(/usr/local/texlive/2022/texmf-dist/tex/latex/amsmath/amsmath.sty
For additional information on amsmath, use the `?' option.
(/usr/local/texlive/2022/texmf-dist/tex/latex/amsmath/amstext.sty
(/usr/local/texlive/2022/texmf-dist/tex/latex/amsmath/amsgen.sty))
(/usr/local/texlive/2022/texmf-dist/tex/latex/amsmath/amsbsy.sty)
(/usr/local/texlive/2022/texmf-dist/tex/latex/amsmath/amsopn.sty))
(/usr/local/texlive/2022/texmf-dist/tex/latex/amsfonts/amsfonts.sty)
(/usr/local/texlive/2022/texmf-dist/tex/latex/amsfonts/amssymb.sty)
(/usr/local/texlive/2022/texmf-dist/tex/latex/jknapltx/mathrsfs.sty)
(/usr/local/texlive/2022/texmf-dist/tex/latex/base/fontenc.sty)
(/usr/local/texlive/2022/texmf-dist/tex/latex/psnfss/times.sty)
(/usr/local/texlive/2022/texmf-dist/tex/latex/inconsolata/zi4.sty
`inconsolata-zi4' v1.12, 2019/05/17 Text macros for Inconsolata (msharpe)
(/usr/local/texlive/2022/texmf-dist/tex/latex/xkeyval/xkeyval.sty
(/usr/local/texlive/2022/texmf-dist/tex/generic/xkeyval/xkeyval.tex
(/usr/local/texlive/2022/texmf-dist/tex/generic/xkeyval/xkvutils.tex
(/usr/local/texlive/2022/texmf-dist/tex/generic/xkeyval/keyval.tex)))))
(/usr/local/texlive/2022/texmf-dist/tex/latex/graphics/color.sty
(/usr/local/texlive/2022/texmf-dist/tex/latex/graphics-cfg/color.cfg)
(/usr/local/texlive/2022/texmf-dist/tex/latex/graphics-def/pdftex.def))
(/usr/local/texlive/2022/texmf-dist/tex/latex/hyperref/hyperref.sty
(/usr/local/texlive/2022/texmf-dist/tex/generic/ltxcmds/ltxcmds.sty)
(/usr/local/texlive/2022/texmf-dist/tex/generic/pdftexcmds/pdftexcmds.sty
(/usr/local/texlive/2022/texmf-dist/tex/generic/infwarerr/infwarerr.sty))
(/usr/local/texlive/2022/texmf-dist/tex/generic/kvsetkeys/kvsetkeys.sty)
(/usr/local/texlive/2022/texmf-dist/tex/generic/kvdefinekeys/kvdefinekeys.sty)
(/usr/local/texlive/2022/texmf-dist/tex/generic/pdfescape/pdfescape.sty)
(/usr/local/texlive/2022/texmf-dist/tex/latex/hycolor/hycolor.sty)
(/usr/local/texlive/2022/texmf-dist/tex/latex/letltxmacro/letltxmacro.sty)
(/usr/local/texlive/2022/texmf-dist/tex/latex/auxhook/auxhook.sty)
(/usr/local/texlive/2022/texmf-dist/tex/latex/kvoptions/kvoptions.sty)
(/usr/local/texlive/2022/texmf-dist/tex/latex/hyperref/pd1enc.def)
(/usr/local/texlive/2022/texmf-dist/tex/generic/intcalc/intcalc.sty)
(/usr/local/texlive/2022/texmf-dist/tex/generic/etexcmds/etexcmds.sty)
(/usr/local/texlive/2022/texmf-dist/tex/latex/hyperref/puenc.def)
(/usr/local/texlive/2022/texmf-dist/tex/generic/bitset/bitset.sty
(/usr/local/texlive/2022/texmf-dist/tex/generic/bigintcalc/bigintcalc.sty))
(/usr/local/texlive/2022/texmf-dist/tex/latex/base/atbegshi-ltx.sty))
(/usr/local/texlive/2022/texmf-dist/tex/latex/hyperref/hpdftex.def
(/usr/local/texlive/2022/texmf-dist/tex/latex/base/atveryend-ltx.sty)
(/usr/local/texlive/2022/texmf-dist/tex/latex/rerunfilecheck/rerunfilecheck.sty

(/usr/local/texlive/2022/texmf-dist/tex/generic/uniquecounter/uniquecounter.sty
)))) (/usr/local/texlive/2022/texmf-dist/tex/latex/base/makeidx.sty)
Writing index file Rd2.idx
(/usr/local/texlive/2022/texmf-dist/tex/latex/psnfss/t1ptm.fd)
(/usr/local/texlive/2022/texmf-dist/tex/latex/l3backend/l3backend-pdftex.def)
(/private/var/folders/76/r06mvw257lbbll_cytzz3_3h0000gn/T/Rtmp49L9cS/Rd2pdf16ee
77557f575/Rd2.aux)
(/usr/local/texlive/2022/texmf-dist/tex/context/base/mkii/supp-pdf.mkii
[Loading MPS to PDF converter (version 2006.09.02).]
) (/usr/local/texlive/2022/texmf-dist/tex/latex/hyperref/nameref.sty
(/usr/local/texlive/2022/texmf-dist/tex/latex/refcount/refcount.sty)
(/usr/local/texlive/2022/texmf-dist/tex/generic/gettitlestring/gettitlestring.s
ty))
(/private/var/folders/76/r06mvw257lbbll_cytzz3_3h0000gn/T/Rtmp49L9cS/Rd2pdf16ee
77557f575/Rd2.out)
(/private/var/folders/76/r06mvw257lbbll_cytzz3_3h0000gn/T/Rtmp49L9cS/Rd2pdf16ee
77557f575/Rd2.out)
(/usr/local/texlive/2022/texmf-dist/tex/latex/inconsolata/t1zi4.fd)
(/usr/local/texlive/2022/texmf-dist/tex/latex/amsfonts/umsa.fd)
(/usr/local/texlive/2022/texmf-dist/tex/latex/amsfonts/umsb.fd)
(/usr/local/texlive/2022/texmf-dist/tex/latex/jknapltx/ursfs.fd)
(/private/var/folders/76/r06mvw257lbbll_cytzz3_3h0000gn/T/Rtmp49L9cS/Rd2pdf16ee
77557f575/Rd2.toc) [1{/usr/local/texlive/2022/texmf-var/fonts/map/pdftex/updmap
/pdftex.map}]
Overfull \hbox (5.70699pt too wide) in paragraph at lines 85--88
[]\T1/ptm/m/n/10 Makalic, E. & Schmidt, D. F. High-Dimensional Bayesian Reg-u-l
arised Re-gres-sion with the BayesReg
[2]
Overfull \hbox (5.70699pt too wide) in paragraph at lines 142--145
[]\T1/ptm/m/n/10 Makalic, E. & Schmidt, D. F. High-Dimensional Bayesian Reg-u-l
arised Re-gres-sion with the BayesReg
[3] [4]
Overfull \hbox (13.03746pt too wide) in paragraph at lines 221--222
\T1/ptm/m/n/10 gres-sion: prior="hs" or prior="horseshoe", and horse-shoe+ re-g
res-sion : prior="hs+"

Overfull \hbox (5.70699pt too wide) in paragraph at lines 240--243
[]\T1/ptm/m/n/10 Makalic, E. & Schmidt, D. F. High-Dimensional Bayesian Reg-u-l
arised Re-gres-sion with the BayesReg
[5]
Overfull \hbox (5.70699pt too wide) in paragraph at lines 318--321
[]\T1/ptm/m/n/10 Makalic, E. & Schmidt, D. F. High-Dimensional Bayesian Reg-u-l
arised Re-gres-sion with the BayesReg
[6] (/usr/local/texlive/2022/texmf-dist/tex/latex/inconsolata/ts1zi4.fd)
(/private/var/folders/76/r06mvw257lbbll_cytzz3_3h0000gn/T/Rtmp49L9cS/Rd2pdf16ee
77557f575/Rd2.ind [7] [8])
(/private/var/folders/76/r06mvw257lbbll_cytzz3_3h0000gn/T/Rtmp49L9cS/Rd2pdf16ee
77557f575/Rd2.aux)

Package rerunfilecheck Warning: File `Rd2.out' has changed.
(rerunfilecheck)                Rerun to get outlines right
(rerunfilecheck)                or use package `bookmark'.

 )
(see the transcript file for additional information){/usr/local/texlive/2022/te
xmf-dist/fonts/enc/dvips/inconsolata/i4-ts1.enc}{/usr/local/texlive/2022/texmf-
dist/fonts/enc/dvips/base/8r.enc}{/usr/local/texlive/2022/texmf-dist/fonts/enc/
dvips/inconsolata/i4-t1-0.enc}</usr/local/texlive/2022/texmf-dist/fonts/type1/p
ublic/inconsolata/Inconsolata-zi4r.pfb></usr/local/texlive/2022/texmf-dist/font
s/type1/urw/times/utmb8a.pfb></usr/local/texlive/2022/texmf-dist/fonts/type1/ur
w/times/utmr8a.pfb></usr/local/texlive/2022/texmf-dist/fonts/type1/urw/times/ut
mr8a.pfb></usr/local/texlive/2022/texmf-dist/fonts/type1/urw/times/utmri8a.pfb>

Output written on Rd2.pdf (8 pages, 92003 bytes).
Transcript written on Rd2.log.
This is makeindex, version 2.16 [TeX Live 2022] (kpathsea + Thai support).
Scanning input file Rd2.idx....done (6 entries accepted, 0 rejected).
Sorting entries....done (15 comparisons).
Generating output file Rd2.ind....done (16 lines written, 0 warnings).
Output written in Rd2.ind.
Transcript written in Rd2.ilg.
This is pdfTeX, Version 3.141592653-2.6-1.40.24 (TeX Live 2022) (preloaded format=pdflatex)
 restricted \write18 enabled.
entering extended mode
LaTeX2e <2021-11-15> patch level 1
L3 programming layer <2022-02-24> (./Rd2.tex
(/usr/local/texlive/2022/texmf-dist/tex/latex/base/book.cls
Document Class: book 2021/10/04 v1.4n Standard LaTeX document class
(/usr/local/texlive/2022/texmf-dist/tex/latex/base/bk10.clo))
(/Library/Frameworks/R.framework/Resources/share/texmf/tex/latex/Rd.sty
(/usr/local/texlive/2022/texmf-dist/tex/latex/base/ifthen.sty)
(/usr/local/texlive/2022/texmf-dist/tex/generic/iftex/iftex.sty)
(/usr/local/texlive/2022/texmf-dist/tex/latex/tools/longtable.sty)
(/usr/local/texlive/2022/texmf-dist/tex/latex/tools/bm.sty)
(/usr/local/texlive/2022/texmf-dist/tex/latex/base/alltt.sty)
(/usr/local/texlive/2022/texmf-dist/tex/latex/tools/verbatim.sty)
(/usr/local/texlive/2022/texmf-dist/tex/latex/url/url.sty)
(/usr/local/texlive/2022/texmf-dist/tex/latex/base/textcomp.sty)
(/usr/local/texlive/2022/texmf-dist/tex/latex/amsmath/amsmath.sty
For additional information on amsmath, use the `?' option.
(/usr/local/texlive/2022/texmf-dist/tex/latex/amsmath/amstext.sty
(/usr/local/texlive/2022/texmf-dist/tex/latex/amsmath/amsgen.sty))
(/usr/local/texlive/2022/texmf-dist/tex/latex/amsmath/amsbsy.sty)
(/usr/local/texlive/2022/texmf-dist/tex/latex/amsmath/amsopn.sty))
(/usr/local/texlive/2022/texmf-dist/tex/latex/amsfonts/amsfonts.sty)
(/usr/local/texlive/2022/texmf-dist/tex/latex/amsfonts/amssymb.sty)
(/usr/local/texlive/2022/texmf-dist/tex/latex/jknapltx/mathrsfs.sty)
(/usr/local/texlive/2022/texmf-dist/tex/latex/base/fontenc.sty)
(/usr/local/texlive/2022/texmf-dist/tex/latex/psnfss/times.sty)
(/usr/local/texlive/2022/texmf-dist/tex/latex/inconsolata/zi4.sty
`inconsolata-zi4' v1.12, 2019/05/17 Text macros for Inconsolata (msharpe)
(/usr/local/texlive/2022/texmf-dist/tex/latex/xkeyval/xkeyval.sty
(/usr/local/texlive/2022/texmf-dist/tex/generic/xkeyval/xkeyval.tex
(/usr/local/texlive/2022/texmf-dist/tex/generic/xkeyval/xkvutils.tex
(/usr/local/texlive/2022/texmf-dist/tex/generic/xkeyval/keyval.tex)))))
(/usr/local/texlive/2022/texmf-dist/tex/latex/graphics/color.sty
(/usr/local/texlive/2022/texmf-dist/tex/latex/graphics-cfg/color.cfg)
(/usr/local/texlive/2022/texmf-dist/tex/latex/graphics-def/pdftex.def))
(/usr/local/texlive/2022/texmf-dist/tex/latex/hyperref/hyperref.sty
(/usr/local/texlive/2022/texmf-dist/tex/generic/ltxcmds/ltxcmds.sty)
(/usr/local/texlive/2022/texmf-dist/tex/generic/pdftexcmds/pdftexcmds.sty
(/usr/local/texlive/2022/texmf-dist/tex/generic/infwarerr/infwarerr.sty))
(/usr/local/texlive/2022/texmf-dist/tex/generic/kvsetkeys/kvsetkeys.sty)
(/usr/local/texlive/2022/texmf-dist/tex/generic/kvdefinekeys/kvdefinekeys.sty)
(/usr/local/texlive/2022/texmf-dist/tex/generic/pdfescape/pdfescape.sty)
(/usr/local/texlive/2022/texmf-dist/tex/latex/hycolor/hycolor.sty)
(/usr/local/texlive/2022/texmf-dist/tex/latex/letltxmacro/letltxmacro.sty)
(/usr/local/texlive/2022/texmf-dist/tex/latex/auxhook/auxhook.sty)
(/usr/local/texlive/2022/texmf-dist/tex/latex/kvoptions/kvoptions.sty)
(/usr/local/texlive/2022/texmf-dist/tex/latex/hyperref/pd1enc.def)
(/usr/local/texlive/2022/texmf-dist/tex/generic/intcalc/intcalc.sty)
(/usr/local/texlive/2022/texmf-dist/tex/generic/etexcmds/etexcmds.sty)
(/usr/local/texlive/2022/texmf-dist/tex/latex/hyperref/puenc.def)
(/usr/local/texlive/2022/texmf-dist/tex/generic/bitset/bitset.sty
(/usr/local/texlive/2022/texmf-dist/tex/generic/bigintcalc/bigintcalc.sty))
(/usr/local/texlive/2022/texmf-dist/tex/latex/base/atbegshi-ltx.sty))
(/usr/local/texlive/2022/texmf-dist/tex/latex/hyperref/hpdftex.def
(/usr/local/texlive/2022/texmf-dist/tex/latex/base/atveryend-ltx.sty)
(/usr/local/texlive/2022/texmf-dist/tex/latex/rerunfilecheck/rerunfilecheck.sty

(/usr/local/texlive/2022/texmf-dist/tex/generic/uniquecounter/uniquecounter.sty
)))) (/usr/local/texlive/2022/texmf-dist/tex/latex/base/makeidx.sty)
Writing index file Rd2.idx
(/usr/local/texlive/2022/texmf-dist/tex/latex/psnfss/t1ptm.fd)
(/usr/local/texlive/2022/texmf-dist/tex/latex/l3backend/l3backend-pdftex.def)
(/private/var/folders/76/r06mvw257lbbll_cytzz3_3h0000gn/T/Rtmp49L9cS/Rd2pdf16ee
77557f575/Rd2.aux)
(/usr/local/texlive/2022/texmf-dist/tex/context/base/mkii/supp-pdf.mkii
[Loading MPS to PDF converter (version 2006.09.02).]
) (/usr/local/texlive/2022/texmf-dist/tex/latex/hyperref/nameref.sty
(/usr/local/texlive/2022/texmf-dist/tex/latex/refcount/refcount.sty)
(/usr/local/texlive/2022/texmf-dist/tex/generic/gettitlestring/gettitlestring.s
ty))
(/private/var/folders/76/r06mvw257lbbll_cytzz3_3h0000gn/T/Rtmp49L9cS/Rd2pdf16ee
77557f575/Rd2.out)
(/private/var/folders/76/r06mvw257lbbll_cytzz3_3h0000gn/T/Rtmp49L9cS/Rd2pdf16ee
77557f575/Rd2.out)
(/usr/local/texlive/2022/texmf-dist/tex/latex/inconsolata/t1zi4.fd)
(/usr/local/texlive/2022/texmf-dist/tex/latex/amsfonts/umsa.fd)
(/usr/local/texlive/2022/texmf-dist/tex/latex/amsfonts/umsb.fd)
(/usr/local/texlive/2022/texmf-dist/tex/latex/jknapltx/ursfs.fd)
(/private/var/folders/76/r06mvw257lbbll_cytzz3_3h0000gn/T/Rtmp49L9cS/Rd2pdf16ee
77557f575/Rd2.toc) [1{/usr/local/texlive/2022/texmf-var/fonts/map/pdftex/updmap
/pdftex.map}]
Overfull \hbox (5.70699pt too wide) in paragraph at lines 85--88
[]\T1/ptm/m/n/10 Makalic, E. & Schmidt, D. F. High-Dimensional Bayesian Reg-u-l
arised Re-gres-sion with the BayesReg
[2]
Overfull \hbox (5.70699pt too wide) in paragraph at lines 142--145
[]\T1/ptm/m/n/10 Makalic, E. & Schmidt, D. F. High-Dimensional Bayesian Reg-u-l
arised Re-gres-sion with the BayesReg
[3] [4]
Overfull \hbox (13.03746pt too wide) in paragraph at lines 221--222
\T1/ptm/m/n/10 gres-sion: prior="hs" or prior="horseshoe", and horse-shoe+ re-g
res-sion : prior="hs+"

Overfull \hbox (5.70699pt too wide) in paragraph at lines 240--243
[]\T1/ptm/m/n/10 Makalic, E. & Schmidt, D. F. High-Dimensional Bayesian Reg-u-l
arised Re-gres-sion with the BayesReg
[5]
Overfull \hbox (5.70699pt too wide) in paragraph at lines 318--321
[]\T1/ptm/m/n/10 Makalic, E. & Schmidt, D. F. High-Dimensional Bayesian Reg-u-l
arised Re-gres-sion with the BayesReg
[6] (/usr/local/texlive/2022/texmf-dist/tex/latex/inconsolata/ts1zi4.fd)
(/private/var/folders/76/r06mvw257lbbll_cytzz3_3h0000gn/T/Rtmp49L9cS/Rd2pdf16ee
77557f575/Rd2.ind [7] [8])
(/private/var/folders/76/r06mvw257lbbll_cytzz3_3h0000gn/T/Rtmp49L9cS/Rd2pdf16ee
77557f575/Rd2.aux) )
(see the transcript file for additional information){/usr/local/texlive/2022/te
xmf-dist/fonts/enc/dvips/inconsolata/i4-ts1.enc}{/usr/local/texlive/2022/texmf-
dist/fonts/enc/dvips/base/8r.enc}{/usr/local/texlive/2022/texmf-dist/fonts/enc/
dvips/inconsolata/i4-t1-0.enc}</usr/local/texlive/2022/texmf-dist/fonts/type1/p
ublic/inconsolata/Inconsolata-zi4r.pfb></usr/local/texlive/2022/texmf-dist/font
s/type1/urw/times/utmb8a.pfb></usr/local/texlive/2022/texmf-dist/fonts/type1/ur
w/times/utmr8a.pfb></usr/local/texlive/2022/texmf-dist/fonts/type1/urw/times/ut
mr8a.pfb></usr/local/texlive/2022/texmf-dist/fonts/type1/urw/times/utmri8a.pfb>

Output written on Rd2.pdf (8 pages, 92659 bytes).
Transcript written on Rd2.log.
Saving output to ‘VsusP-manual.pdf’ ...
Done
You may want to clean up by 'rm -Rf /var/folders/76/r06mvw257lbbll_cytzz3_3h0000gn/T//Rtmp49L9cS/Rd2pdf16ee77557f575'
